Flow report for flipFlopD
Fri Nov 18 23:35:18 2022
Quartus Prime Version 20.1.0 Build 711 06/05/2020 SJ Lite Edition


---------------------
; Table of Contents ;
---------------------
  1. Legal Notice
  2. Flow Summary
  3. Flow Settings
  4. Flow Non-Default Global Settings
  5. Flow Elapsed Time
  6. Flow OS Summary
  7. Flow Log
  8. Flow Messages
  9. Flow Suppressed Messages



----------------
; Legal Notice ;
----------------
Copyright (C) 2020  Intel Corporation. All rights reserved.
Your use of Intel Corporation's design tools, logic functions 
and other software and tools, and any partner logic 
functions, and any output files from any of the foregoing 
(including device programming or simulation files), and any 
associated documentation or information are expressly subject 
to the terms and conditions of the Intel Program License 
Subscription Agreement, the Intel Quartus Prime License Agreement,
the Intel FPGA IP License Agreement, or other applicable license
agreement, including, without limitation, that your use is for
the sole purpose of programming logic devices manufactured by
Intel and sold by Intel or its authorized distributors.  Please
refer to the applicable agreement for further details, at
https://fpgasoftware.intel.com/eula.



+----------------------------------------------------------------------------------+
; Flow Summary                                                                     ;
+------------------------------------+---------------------------------------------+
; Flow Status                        ; Successful - Fri Nov 18 23:35:18 2022       ;
; Quartus Prime Version              ; 20.1.0 Build 711 06/05/2020 SJ Lite Edition ;
; Revision Name                      ; flipFlopD                                   ;
; Top-level Entity Name              ; flipFlopD                                   ;
; Family                             ; Cyclone IV GX                               ;
; Total logic elements               ; 7 / 14,400 ( < 1 % )                        ;
;     Total combinational functions  ; 7 / 14,400 ( < 1 % )                        ;
;     Dedicated logic registers      ; 0 / 14,400 ( 0 % )                          ;
; Total registers                    ; 0                                           ;
; Total pins                         ; 6 / 81 ( 7 % )                              ;
; Total virtual pins                 ; 0                                           ;
; Total memory bits                  ; 0 / 552,960 ( 0 % )                         ;
; Embedded Multiplier 9-bit elements ; 0                                           ;
; Total GXB Receiver Channel PCS     ; 0 / 2 ( 0 % )                               ;
; Total GXB Receiver Channel PMA     ; 0 / 2 ( 0 % )                               ;
; Total GXB Transmitter Channel PCS  ; 0 / 2 ( 0 % )                               ;
; Total GXB Transmitter Channel PMA  ; 0 / 2 ( 0 % )                               ;
; Total PLLs                         ; 0 / 3 ( 0 % )                               ;
; Device                             ; EP4CGX15BF14C6                              ;
; Timing Models                      ; Final                                       ;
+------------------------------------+---------------------------------------------+


+-----------------------------------------+
; Flow Settings                           ;
+-------------------+---------------------+
; Option            ; Setting             ;
+-------------------+---------------------+
; Start date & time ; 11/18/2022 23:34:12 ;
; Main task         ; Compilation         ;
; Revision Name     ; flipFlopD           ;
+-------------------+---------------------+


+------------------------------------------------------------------------------------------------------------------------------------------------+
; Flow Non-Default Global Settings                                                                                                               ;
+-------------------------------------+----------------------------------------+---------------+-------------+-----------------------------------+
; Assignment Name                     ; Value                                  ; Default Value ; Entity Name ; Section Id                        ;
+-------------------------------------+----------------------------------------+---------------+-------------+-----------------------------------+
; COMPILER_SIGNATURE_ID               ; 176629553432296.166881445211194        ; --            ; --          ; --                                ;
; EDA_GENERATE_FUNCTIONAL_NETLIST     ; Off                                    ; --            ; --          ; eda_board_design_timing           ;
; EDA_GENERATE_FUNCTIONAL_NETLIST     ; Off                                    ; --            ; --          ; eda_board_design_boundary_scan    ;
; EDA_GENERATE_FUNCTIONAL_NETLIST     ; Off                                    ; --            ; --          ; eda_board_design_signal_integrity ;
; EDA_GENERATE_FUNCTIONAL_NETLIST     ; Off                                    ; --            ; --          ; eda_board_design_symbol           ;
; EDA_OUTPUT_DATA_FORMAT              ; Vhdl                                   ; --            ; --          ; eda_simulation                    ;
; EDA_SIMULATION_TOOL                 ; ModelSim-Altera (VHDL)                 ; <None>        ; --          ; --                                ;
; EDA_TIME_SCALE                      ; 1 ps                                   ; --            ; --          ; eda_simulation                    ;
; NUM_PARALLEL_PROCESSORS             ; All                                    ; --            ; --          ; --                                ;
; PARTITION_COLOR                     ; -- (Not supported for targeted family) ; --            ; --          ; Top                               ;
; PARTITION_FITTER_PRESERVATION_LEVEL ; -- (Not supported for targeted family) ; --            ; --          ; Top                               ;
; PARTITION_NETLIST_TYPE              ; -- (Not supported for targeted family) ; --            ; --          ; Top                               ;
; PROJECT_OUTPUT_DIRECTORY            ; output_files                           ; --            ; --          ; --                                ;
+-------------------------------------+----------------------------------------+---------------+-------------+-----------------------------------+


+--------------------------------------------------------------------------------------------------------------------------+
; Flow Elapsed Time                                                                                                        ;
+----------------------+--------------+-------------------------+---------------------+------------------------------------+
; Module Name          ; Elapsed Time ; Average Processors Used ; Peak Virtual Memory ; Total CPU Time (on all processors) ;
+----------------------+--------------+-------------------------+---------------------+------------------------------------+
; Analysis & Synthesis ; 00:00:07     ; 1.0                     ; 481 MB              ; 00:00:16                           ;
; Fitter               ; 00:00:04     ; 1.0                     ; 1021 MB             ; 00:00:04                           ;
; Assembler            ; 00:00:01     ; 1.0                     ; 413 MB              ; 00:00:01                           ;
; Timing Analyzer      ; 00:00:01     ; 1.0                     ; 437 MB              ; 00:00:01                           ;
; EDA Netlist Writer   ; 00:00:01     ; 1.0                     ; 663 MB              ; 00:00:00                           ;
; EDA Netlist Writer   ; 00:00:00     ; 1.0                     ; 663 MB              ; 00:00:00                           ;
; EDA Netlist Writer   ; 00:00:00     ; 1.0                     ; 663 MB              ; 00:00:00                           ;
; Total                ; 00:00:14     ; --                      ; --                  ; 00:00:22                           ;
+----------------------+--------------+-------------------------+---------------------+------------------------------------+


+----------------------------------------------------------------------------------------+
; Flow OS Summary                                                                        ;
+----------------------+------------------+----------------+------------+----------------+
; Module Name          ; Machine Hostname ; OS Name        ; OS Version ; Processor type ;
+----------------------+------------------+----------------+------------+----------------+
; Analysis & Synthesis ; laptop           ; Ubuntu 22.04.1 ; 22         ; x86_64         ;
; Fitter               ; laptop           ; Ubuntu 22.04.1 ; 22         ; x86_64         ;
; Assembler            ; laptop           ; Ubuntu 22.04.1 ; 22         ; x86_64         ;
; Timing Analyzer      ; laptop           ; Ubuntu 22.04.1 ; 22         ; x86_64         ;
; EDA Netlist Writer   ; laptop           ; Ubuntu 22.04.1 ; 22         ; x86_64         ;
; EDA Netlist Writer   ; laptop           ; Ubuntu 22.04.1 ; 22         ; x86_64         ;
; EDA Netlist Writer   ; laptop           ; Ubuntu 22.04.1 ; 22         ; x86_64         ;
+----------------------+------------------+----------------+------------+----------------+


------------
; Flow Log ;
------------
quartus_map --read_settings_files=on --write_settings_files=off flipFlopD -c flipFlopD
quartus_fit --read_settings_files=off --write_settings_files=off flipFlopD -c flipFlopD
quartus_asm --read_settings_files=off --write_settings_files=off flipFlopD -c flipFlopD
quartus_sta flipFlopD -c flipFlopD
quartus_eda --read_settings_files=off --write_settings_files=off flipFlopD -c flipFlopD
quartus_eda --gen_testbench --tool=modelsim_oem --format=vhdl --write_settings_files=off flipFlopD -c flipFlopD --vector_source=/home/andre/github/mect_1ano/AAD/Projetos_Guioes/Guiao5ex1/flipFlopD.vwf --testbench_file=/home/andre/github/mect_1ano/AAD/Projetos_Guioes/Guiao5ex1/simulation/qsim/flipFlopD.vwf.vht
quartus_eda --write_settings_files=off --simulation=on --functional=on --flatten_buses=off --tool=modelsim_oem --format=vhdl --output_directory=/home/andre/github/mect_1ano/AAD/Projetos_Guioes/Guiao5ex1/simulation/qsim/ flipFlopD -c flipFlopD



